Loading data...
Resumed from checkpoint: 5310 already processed
Total candidates: 6377, to process: 1067
  [5311/6377] ✓ ann 26983 C:Y O:Y G:Y = match    (0.2/s, ETA:73m) KNEKKEBRØD 100 FRØ&HAVSALT 245G WAS
  [5312/6377] ✓ ann    26 C:Y O:Y G:Y = match    (0.3/s, ETA:58m) EVERGOOD DARK ROAST HELE BØNNER 500
  [5313/6377] ✓ ann 27574 C:Y O:Y G:Y = match    (0.3/s, ETA:54m) KNEKKEBRØD 100 FRØ&HAVSALT 245G WAS
  [5314/6377] ✗ ann  2146 C:Y O:N G:N = mismatch (0.3/s, ETA:51m) AMERICANO 16 KAPSLER DOLCE GUSTO
  [5315/6377] ✓ ann 33423 C:N O:Y G:Y = match    (0.3/s, ETA:55m) RYVITA KNEKKEBRØD RUG 400G
  [5316/6377] ✗ ann 29158 C:N O:N G:Y = mismatch (0.3/s, ETA:55m) HAVRE KNEKKEBRØD 300G WASA
  [5317/6377] ✓ ann  5304 C:Y O:Y G:Y = match    (0.3/s, ETA:53m) ALI ORIGINAL FILTERMALT 250G
  [5318/6377] ✓ ann 16224 C:N O:Y G:Y = match    (0.3/s, ETA:52m) SUPERGRØT KANEL&PUFFET QUINOA 54G
  [5319/6377] ✓ ann 24335 C:Y O:Y G:Y = match    (0.3/s, ETA:52m) KNEKKEBRØD SPORT+ 210G WASA
  [5320/6377] ✗ ann 24684 C:N O:Y G:N = mismatch (0.3/s, ETA:56m) LEKSANDS KNEKKE GODT STEKT 200G
  [5321/6377] ✓ ann 26841 C:Y O:Y G:Y = match    (0.3/s, ETA:55m) HAVRE KNEKKEBRØD 300G WASA
  [5322/6377] ✓ ann 31020 C:Y O:Y G:Y = match    (0.3/s, ETA:54m) HUSMAN KNEKKEBRØD 260G WASA
  [5323/6377] ✓ ann  5756 C:Y O:Y G:Y = match    (0.3/s, ETA:54m) EVERGOOD CLASSIC KOKMALT 250G
  [5324/6377] ✓ ann 20083 C:N O:Y G:Y = match    (0.3/s, ETA:53m) FLATBRØD 275G KORNI
  [5325/6377] ✓ ann 27670 C:Y O:N G:Y = match    (0.3/s, ETA:53m) FLATBRØD MORS HJEMMEBAKTE 520G
  [5326/6377] ✓ ann 28531 C:Y O:Y G:N = match    (0.3/s, ETA:54m) KNEKKEBRØD SPORT+ 210G WASA
  [5327/6377] ✓ ann 30264 C:Y O:N G:Y = match    (0.3/s, ETA:53m) MELLOMBAR SOMMERVIBBER 138G ELDORAD
  [5328/6377] ✓ ann 21700 C:Y O:Y G:Y = match    (0.3/s, ETA:54m) MELLOMBAR SALT KARAMELL 138G ELDORA
  [5329/6377] ✗ ann 10658 C:Y O:N G:N = mismatch (0.3/s, ETA:53m) BERIT GRANOLA M/PUFFET HAVRE 350G
  [5330/6377] ✓ ann   146 C:Y O:N G:Y = match    (0.3/s, ETA:53m) BLÅ JAVA HELE BØNNER 500G JACOBS UT
  [5331/6377] ✓ ann   537 C:Y O:N G:Y = match    (0.3/s, ETA:52m) SOLBÆR TE 25POS TWININGS
  [5332/6377] ✓ ann  5798 C:N O:Y G:Y = match    (0.3/s, ETA:52m) FIRE RØDE FRUKTER 25POS TWININGS
  [5333/6377] ✗ ann 17707 C:N O:N G:Y = mismatch (0.3/s, ETA:52m) CHEERIOS HAVRE 375G NESTLE
  [5334/6377] ✗ ann 21668 C:N O:N G:Y = mismatch (0.3/s, ETA:52m) FIBER BALANCE 230G WASA
  [5335/6377] ✓ ann 21941 C:Y O:N G:Y = match    (0.3/s, ETA:52m) FRØ & HAVSALT 200G LEKSANDS
  [5336/6377] ✓ ann 29754 C:N O:Y G:Y = match    (0.3/s, ETA:52m) HUSMAN KNEKKEBRØD 260G WASA
  [5337/6377] ✓ ann 31561 C:Y O:N G:Y = match    (0.3/s, ETA:51m) MELBATOAST RUND 110G MEULEN
  [5338/6377] ✓ ann  3541 C:Y O:N G:Y = match    (0.3/s, ETA:51m) EVERGOOD CLASSIC KOKMALT 250G
  [5339/6377] ✓ ann 21394 C:Y O:Y G:Y = match    (0.3/s, ETA:51m) FIBER BALANCE 230G WASA
  [5340/6377] ✓ ann 28160 C:Y O:Y G:Y = match    (0.3/s, ETA:50m) HAVREKNEKKEBRØD TYNT 265G WASA
  [5341/6377] ✗ ann 24302 C:Y O:N G:N = mismatch (0.3/s, ETA:50m) BRUSCHETTE FINE CHEESE MARETTI
  [5342/6377] ✓ ann  1494 C:Y O:Y G:Y = match    (0.3/s, ETA:50m) FIRE RØDE FRUKTER 25POS TWININGS
  [5343/6377] ✓ ann 20968 C:Y O:Y G:Y = match    (0.3/s, ETA:49m) FRØ & HAVSALT 200G LEKSANDS
  [5344/6377] ✓ ann 31592 C:Y O:Y G:Y = match    (0.3/s, ETA:49m) LEKSANDS KNEKKE NORMALT STEKT 200G
  [5345/6377] ✗ ann 13972 C:N O:N G:N = mismatch (0.3/s, ETA:49m) CHEERIOS HAVRE 375G NESTLE
  [5346/6377] ✓ ann 20549 C:Y O:Y G:Y = match    (0.3/s, ETA:50m) FIBER BALANCE 230G WASA
  [5347/6377] ✓ ann 27773 C:Y O:Y G:Y = match    (0.3/s, ETA:50m) KNEKKEBRØD SPORT+ 210G WASA
  [5348/6377] ✓ ann 21252 C:Y O:Y G:Y = match    (0.3/s, ETA:50m) HAVRE KNEKKEBRØD 300G WASA
  [5349/6377] ✓ ann  7903 C:Y O:N G:Y = match    (0.3/s, ETA:50m) EGG FRITTGÅENDE M/L/XL SOLEGG 6STK 
  [5350/6377] ✓ ann 24575 C:Y O:N G:Y = match    (0.3/s, ETA:50m) FRUKOST KNEKKEBRØD 240G WASA
  [5351/6377] ✓ ann  7707 C:Y O:Y G:Y = match    (0.3/s, ETA:50m) EGG FRITTGÅENDE M/L 6PK PRIOR
  [5352/6377] ✗ ann 13712 C:N O:N G:N = mismatch (0.3/s, ETA:49m) CHEERIOS HAVRE 375G NESTLE
  [5353/6377] ✓ ann 24563 C:Y O:Y G:Y = match    (0.3/s, ETA:50m) RISKAKER 100G FIRST PRICE
  [5354/6377] ✓ ann 26139 C:Y O:Y G:Y = match    (0.3/s, ETA:50m) HAVREKNEKKEBRØD TYNT 265G WASA
  [5355/6377] ✓ ann  6272 C:Y O:N G:Y = match    (0.3/s, ETA:50m) NESCAFE GULL 200G NESTLE
  [5356/6377] ✓ ann 10621 C:Y O:Y G:N = match    (0.3/s, ETA:50m) CHEERIOS HAVRE 375G NESTLE
  [5357/6377] ✓ ann 11493 C:Y O:Y G:Y = match    (0.3/s, ETA:50m) HAVREGRØT STEEL CUT DEN SORTE HAVRE
  [5358/6377] ✓ ann 18726 C:Y O:Y G:Y = match    (0.3/s, ETA:50m) HAVRE KNEKKEBRØD 300G WASA
  [5359/6377] ✓ ann  7016 C:Y O:N G:Y = match    (0.3/s, ETA:50m) GRØNN TE SITRON 25POS TWININGS
  [5360/6377] ✓ ann  6217 C:N O:Y G:Y = match    (0.3/s, ETA:50m) FRIELE FROKOST FILTERMALT 250G
  [5361/6377] ✗ ann 15203 C:N O:N G:Y = mismatch (0.3/s, ETA:49m) MUSLI ENERGI 675G AXA
  [5362/6377] ✓ ann 15255 C:Y O:Y G:Y = match    (0.3/s, ETA:49m) MUSLI HAVRE&MANDEL 400G BARE BRA
  [5363/6377] ✓ ann 32079 C:Y O:Y G:Y = match    (0.3/s, ETA:49m) KNEKKEBRØD GODT FOR DEG 235G SIGDAL
  [5364/6377] ✓ ann 34290 C:Y O:N G:Y = match    (0.3/s, ETA:49m) LEKSANDS KNEKKE NORMALT STEKT 200G
  [5365/6377] ✓ ann 19158 C:Y O:Y G:Y = match    (0.3/s, ETA:49m) HAVRE KNEKKEBRØD 300G WASA
  [5366/6377] ✓ ann 19666 C:Y O:Y G:Y = match    (0.3/s, ETA:49m) FLATBRØD MORS
  [5367/6377] ✓ ann 28683 C:Y O:N G:Y = match    (0.3/s, ETA:49m) MELLOMBAR SOMMERVIBBER 138G ELDORAD
  [5368/6377] ✓ ann 25800 C:Y O:N G:Y = match    (0.3/s, ETA:49m) FRØKRISP KNEKKEBRØD ØKOLOGISK 170G 
  [5369/6377] ✓ ann 27277 C:Y O:N G:Y = match    (0.3/s, ETA:49m) LEKSANDS KNEKKE FIBERBIT 240G
  [5370/6377] ✓ ann 29453 C:Y O:Y G:Y = match    (0.3/s, ETA:49m) HAVRE KNEKKEBRØD 300G WASA
  [5371/6377] ✗ ann  5772 C:Y O:N G:N = mismatch (0.3/s, ETA:48m) NESCAFE GULL 200G NESTLE
  [5372/6377] ✗ ann 11046 C:N O:N G:N = mismatch (0.3/s, ETA:48m) MÜSLI HASSELNØTT 600G AXA
  [5373/6377] ✓ ann 21977 C:Y O:Y G:Y = match    (0.3/s, ETA:49m) FRUKOST KNEKKEBRØD 240G WASA
  [5374/6377] ✓ ann 20015 C:Y O:N G:Y = match    (0.3/s, ETA:49m) LEKSANDS KNEKKE FIBERBIT 240G
  [5375/6377] ✓ ann 31594 C:Y O:Y G:Y = match    (0.3/s, ETA:49m) LEKSANDS KNEKKE NORMALT STEKT 200G
  [5376/6377] ✓ ann 13975 C:Y O:Y G:N = match    (0.3/s, ETA:49m) CHEERIOS MULTI 375G NESTLE
  [5377/6377] ✓ ann 18720 C:Y O:Y G:Y = match    (0.3/s, ETA:48m) HUSMAN KNEKKEBRØD 260G WASA
  [5378/6377] ✓ ann 29295 C:Y O:Y G:Y = match    (0.3/s, ETA:49m) HAVRE KNEKKEBRØD 300G WASA
  [5379/6377] ✓ ann 12849 C:Y O:N G:Y = match    (0.3/s, ETA:48m) FRUKOST KNEKKEBRØD 240G WASA
  [5380/6377] ✓ ann 21638 C:N O:Y G:Y = match    (0.3/s, ETA:48m) RYVITA KNEKKEBRØD SESAM 250G
  [5381/6377] ✓ ann 27131 C:Y O:Y G:Y = match    (0.3/s, ETA:48m) HAVRE KNEKKEBRØD 300G WASA
  [5382/6377] ✓ ann 29732 C:Y O:Y G:Y = match    (0.3/s, ETA:48m) FIBER BALANCE 230G WASA
  [5383/6377] ✗ ann  5289 C:Y O:N G:N = mismatch (0.3/s, ETA:48m) EVERGOOD CLASSIC KOKMALT 250G
  [5384/6377] ✓ ann  8094 C:Y O:Y G:Y = match    (0.3/s, ETA:47m) EGG FRITTGÅENDE M/L/XL SOLEGG 6STK 
  [5385/6377] ✓ ann 10256 C:Y O:Y G:Y = match    (0.3/s, ETA:47m) SUPERGRØT KANEL&PUFFET QUINOA 54G
  [5386/6377] ✓ ann 12384 C:Y O:Y G:N = match    (0.3/s, ETA:47m) CHEERIOS HAVRE 375G NESTLE
  [5387/6377] ✗ ann 17991 C:N O:N G:Y = mismatch (0.3/s, ETA:47m) MUSLI ENERGI 675G AXA
  [5388/6377] ✓ ann 18658 C:N O:Y G:Y = match    (0.3/s, ETA:47m) HUSMAN KNEKKEBRØD 260G WASA
  [5389/6377] ✓ ann 25870 C:Y O:Y G:Y = match    (0.3/s, ETA:47m) HAVREKNEKKEBRØD TYNT 265G WASA
  [5390/6377] ✓ ann 13087 C:Y O:Y G:Y = match    (0.3/s, ETA:47m) CRUESLI SOLFROKOST 450G QUAKER
  [5391/6377] ✗ ann 18606 C:N O:N G:Y = mismatch (0.3/s, ETA:47m) SURDEIG KNEKKEBRØD WASA
  [5392/6377] ✓ ann   722 C:Y O:N G:Y = match    (0.4/s, ETA:46m) EVERGOOD CLASSIC KOKMALT 250G
  [5393/6377] ✓ ann  5858 C:Y O:N G:Y = match    (0.4/s, ETA:46m) EVERGOOD DARK ROAST PRESSMALT 250G
  [5394/6377] ✓ ann  4891 C:Y O:Y G:Y = match    (0.4/s, ETA:46m) EVERGOOD CLASSIC FILTERMALT 250G
  [5395/6377] ✓ ann 28313 C:Y O:Y G:Y = match    (0.4/s, ETA:46m) MAISKAKER SOURCREAM&ONION 125G FRIG
  [5396/6377] ✗ ann 14349 C:N O:N G:N = mismatch (0.4/s, ETA:46m) MUSLI BLÅBÆR 630G AXA
  [5397/6377] ✓ ann   369 C:Y O:Y G:Y = match    (0.4/s, ETA:46m) EVERGOOD CLASSIC KOKMALT 250G
  [5398/6377] ✓ ann  6155 C:N O:Y G:Y = match    (0.4/s, ETA:46m) SOLBÆR TE 25POS TWININGS
  [5399/6377] ✗ ann 10972 C:N O:Y G:N = mismatch (0.4/s, ETA:46m) CHEERIOS HAVRE 375G NESTLE
  [5400/6377] ✓ ann  8263 C:Y O:Y G:Y = match    (0.4/s, ETA:46m) EGG FRITTGÅENDE 18STK S/M FIRST PRI
  [5401/6377] ✗ ann 17460 C:N O:N G:N = mismatch (0.4/s, ETA:46m) CHEERIOS HAVRE 375G NESTLE
  [5402/6377] ✓ ann 21846 C:Y O:Y G:Y = match    (0.4/s, ETA:46m) HAVRE KNEKKEBRØD 300G WASA
  [5403/6377] ✗ ann 28807 C:N O:Y G:N = mismatch (0.4/s, ETA:46m) MELLOMBAR SUKKERFRI M/SJOKO 138G
  [5404/6377] ✓ ann 32195 C:N O:Y G:Y = match    (0.4/s, ETA:46m) RYVITA KNEKKEBRØD RUG 400G
  [5405/6377] ✓ ann 34157 C:Y O:Y G:Y = match    (0.4/s, ETA:46m) HAVRE KNEKKEBRØD 300G WASA
  [5406/6377] ✓ ann  7906 C:Y O:N G:Y = match    (0.4/s, ETA:46m) EGG FRITTGÅENDE M/L/XL SOLEGG 6STK 
  [5407/6377] ✓ ann 33787 C:Y O:N G:Y = match    (0.4/s, ETA:46m) FLATBRØD MORS
  [5408/6377] ✗ ann 18228 C:N O:N G:N = mismatch (0.4/s, ETA:46m) CHEERIOS HAVRE 375G NESTLE
  [5409/6377] ✓ ann 18743 C:Y O:N G:Y = match    (0.4/s, ETA:46m) RYVITA KNEKKEBRØD RUG 400G
  [5410/6377] ✓ ann 18746 C:Y O:Y G:Y = match    (0.4/s, ETA:46m) HAVRE KNEKKEBRØD 300G WASA
  [5411/6377] ✓ ann 20597 C:Y O:Y G:Y = match    (0.4/s, ETA:45m) HUSMAN KNEKKEBRØD 520G WASA
  [5412/6377] ✓ ann 20600 C:Y O:Y G:Y = match    (0.4/s, ETA:45m) HUSMAN KNEKKEBRØD 260G WASA
  [5413/6377] ✗ ann   472 C:Y O:N G:N = mismatch (0.4/s, ETA:45m) EARL GREY TEA 25POS TWININGS
  [5414/6377] ✓ ann   641 C:Y O:N G:Y = match    (0.4/s, ETA:45m) EVERGOOD KOFFEINFRI FILTERMALT 250G
  [5415/6377] ✓ ann 18442 C:Y O:N G:Y = match    (0.4/s, ETA:45m) MUSLI ENERGI 675G AXA
  [5416/6377] ✗ ann  8624 C:Y O:N G:N = mismatch (0.4/s, ETA:45m) GÅRDSEGG M/L 12STK ELDORADO
  [5417/6377] ✓ ann 32789 C:Y O:Y G:Y = match    (0.4/s, ETA:45m) LEKSANDS KNEKKE NORMALT STEKT 200G
  [5418/6377] ✓ ann 27127 C:Y O:Y G:Y = match    (0.4/s, ETA:45m) HAVREKNEKKEBRØD TYNT 265G WASA
  [5419/6377] ✓ ann 28335 C:Y O:N G:Y = match    (0.4/s, ETA:45m) KNEKKEBRØD SPORT+ 210G WASA
  [5420/6377] ✓ ann 25375 C:N O:Y G:Y = match    (0.4/s, ETA:45m) KNEKKEBRØD RUNDA SESAM&HAVSALT 290G
  [5421/6377] ✗ ann  3523 C:Y O:N G:N = mismatch (0.4/s, ETA:44m) NESCAFE GULL 100G REFILL
  [5422/6377] ✓ ann  7096 C:Y O:Y G:Y = match    (0.4/s, ETA:44m) EVERGOOD CLASSIC FILTERMALT 250G
  [5423/6377] ✗ ann 11477 C:N O:N G:N = mismatch (0.4/s, ETA:44m) CHEERIOS HAVRE 375G NESTLE
  [5424/6377] ✓ ann 19249 C:Y O:Y G:Y = match    (0.4/s, ETA:44m) HAVRE KNEKKEBRØD 300G WASA
  [5425/6377] ✓ ann   543 C:Y O:Y G:Y = match    (0.4/s, ETA:44m) EVERGOOD CLASSIC KAFFEKAPSEL 10STK
  [5426/6377] ✗ ann   838 C:N O:N G:N = mismatch (0.4/s, ETA:45m) GRANDE INTENSO 16KAPSLER DOLCE GUST
  [5427/6377] ✗ ann  2851 C:N O:N G:N = mismatch (0.4/s, ETA:45m) GRØNN TE 20POS LIPTON
  [5428/6377] ✗ ann  7804 C:Y O:N G:N = mismatch (0.4/s, ETA:44m) EGG FRITTGÅENDE M/L/XL SOLEGG 12STK
  [5429/6377] ✗ ann 27337 C:Y O:N G:N = mismatch (0.4/s, ETA:45m) KNEKKEBRØD 100 FRØ&HAVSALT 245G WAS
  [5430/6377] ✗ ann 18306 C:N O:N G:N = mismatch (0.4/s, ETA:45m) MUSLI ENERGI 675G AXA
  [5431/6377] ✗ ann 20445 C:Y O:N G:N = mismatch (0.4/s, ETA:44m) MELBATOAST RUND 110G MEULEN
  [5432/6377] ✓ ann 23722 C:N O:Y G:Y = match    (0.4/s, ETA:44m) LEKSANDS KNEKKE GODT STEKT 200G
  [5433/6377] ✓ ann 25149 C:Y O:N G:Y = match    (0.4/s, ETA:44m) MELLOMBAR SOMMERVIBBER 138G ELDORAD
  [5434/6377] ✓ ann 25393 C:Y O:N G:Y = match    (0.4/s, ETA:44m) KNEKKEBRØD DIN STUND CHIA&HAVSALT 2
  [5435/6377] ✓ ann 26498 C:Y O:Y G:Y = match    (0.4/s, ETA:44m) KNEKKEBRØD SPORT+ 210G WASA
  [5436/6377] ✓ ann 32814 C:Y O:Y G:Y = match    (0.4/s, ETA:44m) KNEKKEBRØD 100 FRØ&HAVSALT 245G WAS
  [5437/6377] ✓ ann 21649 C:Y O:Y G:Y = match    (0.4/s, ETA:44m) HUSMAN KNEKKEBRØD 260G WASA
  [5438/6377] ✓ ann 26991 C:Y O:N G:Y = match    (0.4/s, ETA:44m) KNEKKEBRØD SPORT+ 210G WASA
  [5439/6377] ✓ ann   433 C:Y O:Y G:Y = match    (0.4/s, ETA:44m) EVERGOOD CLASSIC FILTERMALT 250G
  [5440/6377] ✓ ann 26976 C:Y O:N G:Y = match    (0.4/s, ETA:44m) HAVRE KNEKKEBRØD 300G WASA
  [5441/6377] ✓ ann 31598 C:Y O:Y G:Y = match    (0.4/s, ETA:43m) KNEKKEBRØD SPORT+ 210G WASA
  [5442/6377] ✗ ann 15503 C:Y O:N G:N = mismatch (0.4/s, ETA:43m) CHEERIOS MULTI 375G NESTLE
  [5443/6377] ✗ ann 17327 C:N O:N G:N = mismatch (0.4/s, ETA:43m) CHEERIOS HAVRE 375G NESTLE
  [5444/6377] ✓ ann 19398 C:Y O:Y G:Y = match    (0.4/s, ETA:43m) FIBER BALANCE 230G WASA
  [5445/6377] ✓ ann 19501 C:Y O:N G:Y = match    (0.4/s, ETA:43m) FIBER BALANCE 230G WASA
  [5446/6377] ✓ ann  2924 C:Y O:Y G:Y = match    (0.4/s, ETA:43m) EVERGOOD DARK ROAST PRESSMALT 250G
  [5447/6377] ✓ ann 26143 C:Y O:Y G:Y = match    (0.4/s, ETA:43m) HAVREKNEKKEBRØD TYNT 265G WASA
  [5448/6377] ✓ ann 28846 C:Y O:N G:Y = match    (0.4/s, ETA:43m) HUSMAN KNEKKEBRØD 260G WASA
  [5449/6377] ✓ ann 27030 C:Y O:N G:Y = match    (0.4/s, ETA:43m) 4-KORN 675G AXA
  [5450/6377] ✗ ann 18407 C:N O:N G:N = mismatch (0.4/s, ETA:43m) CHEERIOS HAVRE 375G NESTLE
  [5451/6377] ✓ ann 21539 C:Y O:Y G:Y = match    (0.4/s, ETA:43m) HAVRE KNEKKEBRØD 300G WASA
  [5452/6377] ✓ ann 25197 C:Y O:Y G:Y = match    (0.4/s, ETA:43m) HAVRE KNEKKEBRØD 300G WASA
  [5453/6377] ✗ ann  3730 C:N O:N G:N = mismatch (0.4/s, ETA:43m) EVERGOOD DARK ROAST HELE BØNNER 500
  [5454/6377] ✗ ann 12453 C:Y O:N G:N = mismatch (0.4/s, ETA:43m) CHEERIOS MULTI 375G NESTLE
  [5455/6377] ✓ ann  1314 C:Y O:Y G:Y = match    (0.4/s, ETA:43m) EVERGOOD DARK ROAST HELE BØNNER 500
  [5456/6377] ✓ ann  1447 C:Y O:N G:Y = match    (0.4/s, ETA:43m) EVERGOOD KOFFEINFRI FILTERMALT 250G
  [5457/6377] ✓ ann  7733 C:Y O:Y G:N = match    (0.4/s, ETA:43m) EGG FRITTGÅENDE M/L 6PK PRIOR
  [5458/6377] ✗ ann  8758 C:Y O:N G:N = mismatch (0.4/s, ETA:43m) GÅRDSEGG M/L 12STK ELDORADO
  [5459/6377] ✗ ann 11295 C:N O:N G:N = mismatch (0.4/s, ETA:43m) CHEERIOS HAVRE 375G NESTLE
  [5460/6377] ✗ ann 18623 C:Y O:N G:N = mismatch (0.4/s, ETA:43m) LEKSANDS KNEKKE GODT STEKT 200G
  [5461/6377] ✓ ann  3986 C:Y O:Y G:Y = match    (0.4/s, ETA:42m) EVERGOOD CLASSIC FILTERMALT 250G
  [5462/6377] ✓ ann  5731 C:Y O:N G:Y = match    (0.4/s, ETA:42m) SJOKOLADEDRIKK LETT 10X14G RETT I K
  [5463/6377] ✓ ann 17977 C:Y O:N G:Y = match    (0.4/s, ETA:42m) SVARTHAVRERIS ØKOLOGISK DEN SORTE H
  [5464/6377] ✓ ann 19395 C:Y O:Y G:Y = match    (0.4/s, ETA:42m) FIBER BALANCE 230G WASA
  [5465/6377] ✓ ann 20057 C:Y O:Y G:Y = match    (0.4/s, ETA:42m) HUSMAN KNEKKEBRØD 260G WASA
  [5466/6377] ✓ ann 28781 C:Y O:Y G:N = match    (0.4/s, ETA:42m) FRUKOST FULLKORN 320G WASA
  [5467/6377] ✓ ann  7845 C:Y O:Y G:Y = match    (0.4/s, ETA:42m) MELANGE MARGARIN 500G
  [5468/6377] ✓ ann 17501 C:N O:Y G:Y = match    (0.4/s, ETA:42m) SUPERGRØT SKOGSBÆR 57G BARE BRA
  [5469/6377] ✗ ann 13479 C:N O:N G:Y = mismatch (0.4/s, ETA:42m) NESQUIK FROKOSTBLANDING 375G NESTLE
  [5470/6377] ✓ ann 24817 C:Y O:N G:Y = match    (0.4/s, ETA:42m) HAVREKNEKKEBRØD TYNT 265G WASA
  [5471/6377] ✓ ann   547 C:Y O:N G:Y = match    (0.4/s, ETA:42m) EVERGOOD KOFFEINFRI FILTERMALT 250G
  [5472/6377] ✓ ann  5229 C:Y O:N G:Y = match    (0.4/s, ETA:42m) NESCAFE GULL 200G NESTLE
  [5473/6377] ✓ ann 27136 C:Y O:Y G:Y = match    (0.4/s, ETA:42m) HAVRE KNEKKEBRØD 300G WASA
  [5474/6377] ✓ ann 13081 C:Y O:Y G:N = match    (0.4/s, ETA:42m) CHEERIOS MULTI 375G NESTLE
  [5475/6377] ✗ ann 14453 C:N O:N G:N = mismatch (0.4/s, ETA:42m) CHEERIOS HAVRE 375G NESTLE
  [5476/6377] ✓ ann 25269 C:Y O:N G:Y = match    (0.4/s, ETA:42m) KORNMO KNEKKEBRØD HAVRE&SOLSIKKE 20
  [5477/6377] ✗ ann 10625 C:N O:N G:N = mismatch (0.4/s, ETA:42m) FITNESS FROKOST 375G NESTLE
  [5478/6377] ✗ ann 13856 C:N O:N G:N = mismatch (0.4/s, ETA:42m) CHEERIOS HAVRE 375G NESTLE
  [5479/6377] ✓ ann 17963 C:Y O:N G:Y = match    (0.4/s, ETA:42m) RIS PUFFET 260G FIRST PRICE
  [5480/6377] ✓ ann 18261 C:N O:Y G:Y = match    (0.4/s, ETA:42m) SUPERGRØT KANEL&PUFFET QUINOA 54G
  [5481/6377] ✓ ann 32230 C:Y O:Y G:Y = match    (0.4/s, ETA:41m) HAVREKNEKKEBRØD TYNT 265G WASA
  [5482/6377] ✓ ann  2570 C:Y O:N G:Y = match    (0.4/s, ETA:41m) EVERGOOD CLASSIC KOKMALT 250G
  [5483/6377] ✓ ann  1053 C:Y O:Y G:Y = match    (0.4/s, ETA:41m) EVERGOOD DARK ROAST PRESSMALT 250G
  [5484/6377] ✓ ann 13817 C:Y O:Y G:Y = match    (0.4/s, ETA:41m) 4-KORN 675G AXA
  [5485/6377] ✓ ann 19156 C:Y O:Y G:Y = match    (0.4/s, ETA:41m) HAVRE KNEKKEBRØD 300G WASA
  [5486/6377] ✗ ann 18320 C:Y O:N G:N = mismatch (0.4/s, ETA:41m) BERIT GRANOLA M/PUFFET HAVRE 350G
  [5487/6377] ✓ ann 20845 C:Y O:Y G:Y = match    (0.4/s, ETA:41m) HUSMAN KNEKKEBRØD 260G WASA
  [5488/6377] ✓ ann 28149 C:Y O:Y G:Y = match    (0.4/s, ETA:41m) KNEKKEBRØD 100 FRØ&HAVSALT 245G WAS
  [5489/6377] ✓ ann 18021 C:Y O:Y G:Y = match    (0.4/s, ETA:41m) SUPERGRØT SKOGSBÆR 57G BARE BRA
  [5490/6377] ✓ ann 21774 C:Y O:N G:Y = match    (0.4/s, ETA:41m) KNEKKEBRØD 100 FRØ&HAVSALT 245G WAS
  [5491/6377] ✓ ann  1323 C:Y O:Y G:Y = match    (0.4/s, ETA:40m) EVERGOOD CLASSIC KOKMALT 250G
  [5492/6377] ✓ ann 21577 C:Y O:N G:Y = match    (0.4/s, ETA:40m) KNEKKEBRØD RUNDA SESAM&HAVSALT 290G
  [5493/6377] ✓ ann 26277 C:Y O:N G:Y = match    (0.4/s, ETA:40m) FLATBRØD MORS HJEMMEBAKTE 520G
  [5494/6377] ✗ ann 32341 C:Y O:N G:N = mismatch (0.4/s, ETA:40m) KNEKKEBRØD 100 FRØ&HAVSALT 245G WAS
  [5495/6377] ✗ ann 16374 C:N O:N G:N = mismatch (0.4/s, ETA:40m) RIS PUFFET 260G FIRST PRICE
